<?xml version="1.0" encoding="UTF-8"?>
<testng-results total="1" passed="1" failed="0" skipped="0">
  <reporter-output>
  </reporter-output>
  <suite started-at="2020-12-03T01:50:17Z" name="Default suite" finished-at="2020-12-03T01:53:24Z" duration-ms="187755">
    <groups>
      <group name="cucumber">
        <method signature="AbstractTestNGCucumberTests.feature(cucumber.api.testng.CucumberFeatureWrapper)[pri:0, instance:runner.testrunner@79c97cb]" name="feature" class="cucumber.api.testng.AbstractTestNGCucumberTests"/>
      </group> <!-- cucumber -->
    </groups>
    <test started-at="2020-12-03T01:50:17Z" name="Default test" finished-at="2020-12-03T01:53:24Z" duration-ms="187755">
      <class name="runner.testrunner">
        <test-method is-config="true" signature="setUpClass()[pri:0, instance:runner.testrunner@79c97cb]" started-at="2020-12-03T07:20:17Z" name="setUpClass" finished-at="2020-12-03T07:20:17Z" duration-ms="191" status="PASS">
          <reporter-output>
          </reporter-output>
        </test-method> <!-- setUpClass -->
        <test-method signature="feature(cucumber.api.testng.CucumberFeatureWrapper)[pri:0, instance:runner.testrunner@79c97cb]" started-at="2020-12-03T07:20:17Z" name="feature" description="Runs Cucumber Feature" data-provider="features" finished-at="2020-12-03T07:23:24Z" duration-ms="186656" status="PASS">
          <params>
            <param index="0">
              <value>
                <![CDATA[Cart functionality]]>
              </value>
            </param>
          </params>
          <reporter-output>
          </reporter-output>
        </test-method> <!-- feature -->
        <test-method is-config="true" signature="tearDownClass()[pri:0, instance:runner.testrunner@79c97cb]" started-at="2020-12-03T07:23:24Z" name="tearDownClass" finished-at="2020-12-03T07:23:24Z" duration-ms="693" status="PASS">
          <reporter-output>
          </reporter-output>
        </test-method> <!-- tearDownClass -->
      </class> <!-- runner.testrunner -->
    </test> <!-- Default test -->
  </suite> <!-- Default suite -->
</testng-results>
